<?xml version="1.0" encoding="UTF-8"?>
<robot generator="Robot 4.1 (Python 3.9.6 on win32)" generated="20210908 13:39:17.046" rpa="false" schemaversion="2">
<suite id="s1" name="Specs" source="C:\Users\acorteal\Documents\QANinja\SemanaAutomacaoMarvel\specs">
<suite id="s1-s1" name="CreateCharacters" source="C:\Users\acorteal\Documents\QANinja\SemanaAutomacaoMarvel\specs\CreateCharacters.robot">
<kw name="Run Keywords" library="BuiltIn" type="SETUP">
<arg>Logar no sistema</arg>
<arg>papito@yahoo.com</arg>
<arg>AND</arg>
<arg>Limpar base</arg>
<doc>Executes all the given keywords in a sequence.</doc>
<kw name="Logar no sistema" library="base">
<arg>papito@yahoo.com</arg>
<kw name="Create Dictionary" library="BuiltIn">
<var>&amp;{USER}</var>
<arg>email=${EMAIL}</arg>
<doc>Creates and returns a dictionary based on the given ``items``.</doc>
<msg timestamp="20210908 13:39:17.614" level="INFO">&amp;{USER} = { email=papito@yahoo.com }</msg>
<status status="PASS" starttime="20210908 13:39:17.613" endtime="20210908 13:39:17.614"/>
</kw>
<kw name="POST" library="RequestsLibrary">
<var>${RESPONSE}</var>
<arg>url=${URL}/accounts</arg>
<arg>json=${USER}</arg>
<doc>Sends a POST request.</doc>
<msg timestamp="20210908 13:39:17.941" level="INFO">POST Request : url=http://marvel.qaninja.academy/accounts 
 path_url=/accounts 
 headers={'User-Agent': 'python-requests/2.26.0', 'Accept-Encoding': 'gzip, deflate', 'Accept': '*/*', 'Connection': 'keep-alive', 'Content-Length': '29', 'Content-Type': 'application/json'} 
 body=b'{"email": "papito@yahoo.com"}' 
 </msg>
<msg timestamp="20210908 13:39:17.942" level="INFO">POST Response : url=http://marvel.qaninja.academy/accounts 
 status=200, reason=OK 
 headers={'Server': 'Cowboy', 'Connection': 'keep-alive', 'X-Powered-By': 'Express', 'Access-Control-Allow-Origin': '*', 'Content-Type': 'application/json; charset=utf-8', 'Content-Length': '41', 'Etag': 'W/"29-WIm+qvPTjcCVbrSQ1N5LTqheAEw"', 'Date': 'Wed, 08 Sep 2021 16:39:02 GMT', 'Via': '1.1 vegur'} 
 body={"client_key":"61301752874ab200165f1301"} 
 </msg>
<msg timestamp="20210908 13:39:17.942" level="INFO">${RESPONSE} = &lt;Response [200]&gt;</msg>
<status status="PASS" starttime="20210908 13:39:17.614" endtime="20210908 13:39:17.942"/>
</kw>
<kw name="Set Variable" library="BuiltIn">
<var>${CLIENT_KEY}</var>
<arg>${RESPONSE.json()}[client_key]</arg>
<doc>Returns the given values which can then be assigned to a variables.</doc>
<msg timestamp="20210908 13:39:17.943" level="INFO">${CLIENT_KEY} = 61301752874ab200165f1301</msg>
<status status="PASS" starttime="20210908 13:39:17.942" endtime="20210908 13:39:17.943"/>
</kw>
<kw name="Create Dictionary" library="BuiltIn">
<var>${HEADER}</var>
<arg>client_key=${CLIENT_KEY}</arg>
<doc>Creates and returns a dictionary based on the given ``items``.</doc>
<msg timestamp="20210908 13:39:17.943" level="INFO">${HEADER} = {'client_key': '61301752874ab200165f1301'}</msg>
<status status="PASS" starttime="20210908 13:39:17.943" endtime="20210908 13:39:17.943"/>
</kw>
<kw name="Set Suite Variable" library="BuiltIn">
<arg>${HEADER}</arg>
<doc>Makes a variable available everywhere within the scope of the current suite.</doc>
<msg timestamp="20210908 13:39:17.943" level="INFO">${HEADER} = {'client_key': '61301752874ab200165f1301'}</msg>
<status status="PASS" starttime="20210908 13:39:17.943" endtime="20210908 13:39:17.943"/>
</kw>
<status status="PASS" starttime="20210908 13:39:17.613" endtime="20210908 13:39:17.944"/>
</kw>
<kw name="Limpar base" library="base">
<kw name="DELETE" library="RequestsLibrary">
<arg>${URL}/delorean</arg>
<arg>headers=${HEADER}</arg>
<doc>Sends a DELETE request.</doc>
<msg timestamp="20210908 13:39:18.325" level="INFO">DELETE Request : url=http://marvel.qaninja.academy/delorean 
 path_url=/delorean 
 headers={'User-Agent': 'python-requests/2.26.0', 'Accept-Encoding': 'gzip, deflate', 'Accept': '*/*', 'Connection': 'keep-alive', 'client_key': '61301752874ab200165f1301', 'Content-Length': '0'} 
 body=None 
 </msg>
<msg timestamp="20210908 13:39:18.325" level="INFO">DELETE Response : url=http://marvel.qaninja.academy/delorean 
 status=200, reason=OK 
 headers={'Server': 'Cowboy', 'Connection': 'keep-alive', 'X-Powered-By': 'Express', 'Access-Control-Allow-Origin': '*', 'Content-Type': 'application/json; charset=utf-8', 'Content-Length': '31', 'Etag': 'W/"1f-ImqlboUfbv1n1FbEV48J/4RvhGg"', 'Date': 'Wed, 08 Sep 2021 16:39:03 GMT', 'Via': '1.1 vegur'} 
 body={"message":"Avengers Assemble"} 
 </msg>
<status status="PASS" starttime="20210908 13:39:17.944" endtime="20210908 13:39:18.325"/>
</kw>
<status status="PASS" starttime="20210908 13:39:17.944" endtime="20210908 13:39:18.325"/>
</kw>
<status status="PASS" starttime="20210908 13:39:17.613" endtime="20210908 13:39:18.325"/>
</kw>
<test id="s1-s1-t1" name="Deve criar personagem">
<kw name="Factory Character" library="character">
<var>&amp;{PERSONAGEM}</var>
<msg timestamp="20210908 13:39:18.327" level="INFO">&amp;{PERSONAGEM} = { name=Karen Brown | aliases=Whatever | age=1126 | team=No idea | active=False }</msg>
<status status="PASS" starttime="20210908 13:39:18.326" endtime="20210908 13:39:18.327"/>
</kw>
<kw name="Post New Character" library="characters">
<var>${RESPOSTA}</var>
<arg>${PERSONAGEM}</arg>
<kw name="POST" library="RequestsLibrary">
<var>${RESPONSE}</var>
<arg>url=${URL}/characters</arg>
<arg>json=${PAYLOAD}</arg>
<arg>headers=${HEADER}</arg>
<arg>expected_status=any</arg>
<doc>Sends a POST request.</doc>
<msg timestamp="20210908 13:39:18.675" level="INFO">POST Request : url=http://marvel.qaninja.academy/characters 
 path_url=/characters 
 headers={'User-Agent': 'python-requests/2.26.0', 'Accept-Encoding': 'gzip, deflate', 'Accept': '*/*', 'Connection': 'keep-alive', 'client_key': '61301752874ab200165f1301', 'Content-Length': '95', 'Content-Type': 'application/json'} 
 body=b'{"name": "Karen Brown", "aliases": "Whatever", "age": 1126, "team": "No idea", "active": false}' 
 </msg>
<msg timestamp="20210908 13:39:18.676" level="INFO">POST Response : url=http://marvel.qaninja.academy/characters 
 status=200, reason=OK 
 headers={'Server': 'Cowboy', 'Connection': 'keep-alive', 'X-Powered-By': 'Express', 'Access-Control-Allow-Origin': '*', 'Content-Type': 'application/json; charset=utf-8', 'Content-Length': '154', 'Etag': 'W/"9a-MGTMJQPdkQ2s98AsJ9LyH35udwY"', 'Date': 'Wed, 08 Sep 2021 16:39:03 GMT', 'Via': '1.1 vegur'} 
 body={"_id":"6138e727de6b6400165ea0e8","name":"Karen Brown","age":1126,"aliases":"Whatever","team":"No idea","active":false,"owner":"61301752874ab200165f1301"} 
 </msg>
<msg timestamp="20210908 13:39:18.676" level="INFO">${RESPONSE} = &lt;Response [200]&gt;</msg>
<status status="PASS" starttime="20210908 13:39:18.328" endtime="20210908 13:39:18.676"/>
</kw>
<msg timestamp="20210908 13:39:18.676" level="INFO">${RESPOSTA} = &lt;Response [200]&gt;</msg>
<status status="PASS" starttime="20210908 13:39:18.328" endtime="20210908 13:39:18.676"/>
</kw>
<kw name="Status Should Be" library="RequestsLibrary">
<arg>200</arg>
<arg>${RESPOSTA}</arg>
<doc>Fails if response status code is different than the expected.</doc>
<status status="PASS" starttime="20210908 13:39:18.677" endtime="20210908 13:39:18.677"/>
</kw>
<status status="PASS" starttime="20210908 13:39:18.325" endtime="20210908 13:39:18.678"/>
</test>
<test id="s1-s1-t2" name="Não deve cadastrar com o mesmo nome">
<kw name="Spiderman" library="character">
<var>&amp;{PERSONAGEM}</var>
<msg timestamp="20210908 13:39:18.681" level="INFO">&amp;{PERSONAGEM} = { name=Peter Parker | aliases=Spiderman | age=22 | team=Avengers | active=True }</msg>
<status status="PASS" starttime="20210908 13:39:18.680" endtime="20210908 13:39:18.681"/>
</kw>
<kw name="Post New Character" library="characters">
<arg>${PERSONAGEM}</arg>
<kw name="POST" library="RequestsLibrary">
<var>${RESPONSE}</var>
<arg>url=${URL}/characters</arg>
<arg>json=${PAYLOAD}</arg>
<arg>headers=${HEADER}</arg>
<arg>expected_status=any</arg>
<doc>Sends a POST request.</doc>
<msg timestamp="20210908 13:39:18.995" level="INFO">POST Request : url=http://marvel.qaninja.academy/characters 
 path_url=/characters 
 headers={'User-Agent': 'python-requests/2.26.0', 'Accept-Encoding': 'gzip, deflate', 'Accept': '*/*', 'Connection': 'keep-alive', 'client_key': '61301752874ab200165f1301', 'Content-Length': '95', 'Content-Type': 'application/json'} 
 body=b'{"name": "Peter Parker", "aliases": "Spiderman", "age": 22, "team": "Avengers", "active": true}' 
 </msg>
<msg timestamp="20210908 13:39:18.995" level="INFO">POST Response : url=http://marvel.qaninja.academy/characters 
 status=200, reason=OK 
 headers={'Server': 'Cowboy', 'Connection': 'keep-alive', 'X-Powered-By': 'Express', 'Access-Control-Allow-Origin': '*', 'Content-Type': 'application/json; charset=utf-8', 'Content-Length': '154', 'Etag': 'W/"9a-EqgNMU09dZVV2B5RcAAIDrtBm7Q"', 'Date': 'Wed, 08 Sep 2021 16:39:03 GMT', 'Via': '1.1 vegur'} 
 body={"_id":"6138e727de6b6400165ea0ec","name":"Peter Parker","age":22,"aliases":"Spiderman","team":"Avengers","active":true,"owner":"61301752874ab200165f1301"} 
 </msg>
<msg timestamp="20210908 13:39:18.995" level="INFO">${RESPONSE} = &lt;Response [200]&gt;</msg>
<status status="PASS" starttime="20210908 13:39:18.682" endtime="20210908 13:39:18.995"/>
</kw>
<status status="PASS" starttime="20210908 13:39:18.682" endtime="20210908 13:39:18.996"/>
</kw>
<kw name="Post New Character" library="characters">
<var>${RESPOSTA}</var>
<arg>${PERSONAGEM}</arg>
<kw name="POST" library="RequestsLibrary">
<var>${RESPONSE}</var>
<arg>url=${URL}/characters</arg>
<arg>json=${PAYLOAD}</arg>
<arg>headers=${HEADER}</arg>
<arg>expected_status=any</arg>
<doc>Sends a POST request.</doc>
<msg timestamp="20210908 13:39:19.318" level="INFO">POST Request : url=http://marvel.qaninja.academy/characters 
 path_url=/characters 
 headers={'User-Agent': 'python-requests/2.26.0', 'Accept-Encoding': 'gzip, deflate', 'Accept': '*/*', 'Connection': 'keep-alive', 'client_key': '61301752874ab200165f1301', 'Content-Length': '95', 'Content-Type': 'application/json'} 
 body=b'{"name": "Peter Parker", "aliases": "Spiderman", "age": 22, "team": "Avengers", "active": true}' 
 </msg>
<msg timestamp="20210908 13:39:19.318" level="INFO">POST Response : url=http://marvel.qaninja.academy/characters 
 status=409, reason=Conflict 
 headers={'Server': 'Cowboy', 'Connection': 'keep-alive', 'X-Powered-By': 'Express', 'Access-Control-Allow-Origin': '*', 'Content-Type': 'application/json; charset=utf-8', 'Content-Length': '39', 'Etag': 'W/"27-u8CjYCAAYHK/l+EQR0JyKi0LQGU"', 'Date': 'Wed, 08 Sep 2021 16:39:04 GMT', 'Via': '1.1 vegur'} 
 body={"error":"Character already exists :("} 
 </msg>
<msg timestamp="20210908 13:39:19.318" level="INFO">${RESPONSE} = &lt;Response [409]&gt;</msg>
<status status="PASS" starttime="20210908 13:39:18.997" endtime="20210908 13:39:19.318"/>
</kw>
<msg timestamp="20210908 13:39:19.318" level="INFO">${RESPOSTA} = &lt;Response [409]&gt;</msg>
<status status="PASS" starttime="20210908 13:39:18.996" endtime="20210908 13:39:19.318"/>
</kw>
<kw name="Status Should Be" library="RequestsLibrary">
<arg>409</arg>
<arg>${RESPOSTA}</arg>
<doc>Fails if response status code is different than the expected.</doc>
<status status="PASS" starttime="20210908 13:39:19.319" endtime="20210908 13:39:19.320"/>
</kw>
<kw name="Should Be Equal" library="BuiltIn">
<arg>${RESPOSTA.json()}[error]</arg>
<arg>Character already exists :(</arg>
<doc>Fails if the given objects are unequal.</doc>
<status status="PASS" starttime="20210908 13:39:19.321" endtime="20210908 13:39:19.321"/>
</kw>
<status status="PASS" starttime="20210908 13:39:18.679" endtime="20210908 13:39:19.322"/>
</test>
<doc>Automação da criação de personagens no banco de dados por meio da API Marvel QA Ninja</doc>
<status status="PASS" starttime="20210908 13:39:17.075" endtime="20210908 13:39:19.324"/>
</suite>
<suite id="s1-s2" name="DeleteCharacters" source="C:\Users\acorteal\Documents\QANinja\SemanaAutomacaoMarvel\specs\DeleteCharacters.robot">
<kw name="Run Keywords" library="BuiltIn" type="SETUP">
<arg>Logar no sistema</arg>
<arg>papito@yahoo.com</arg>
<arg>AND</arg>
<arg>Limpar base</arg>
<doc>Executes all the given keywords in a sequence.</doc>
<kw name="Logar no sistema" library="base">
<arg>papito@yahoo.com</arg>
<kw name="Create Dictionary" library="BuiltIn">
<var>&amp;{USER}</var>
<arg>email=${EMAIL}</arg>
<doc>Creates and returns a dictionary based on the given ``items``.</doc>
<msg timestamp="20210908 13:39:19.340" level="INFO">&amp;{USER} = { email=papito@yahoo.com }</msg>
<status status="PASS" starttime="20210908 13:39:19.340" endtime="20210908 13:39:19.340"/>
</kw>
<kw name="POST" library="RequestsLibrary">
<var>${RESPONSE}</var>
<arg>url=${URL}/accounts</arg>
<arg>json=${USER}</arg>
<doc>Sends a POST request.</doc>
<msg timestamp="20210908 13:39:19.647" level="INFO">POST Request : url=http://marvel.qaninja.academy/accounts 
 path_url=/accounts 
 headers={'User-Agent': 'python-requests/2.26.0', 'Accept-Encoding': 'gzip, deflate', 'Accept': '*/*', 'Connection': 'keep-alive', 'Content-Length': '29', 'Content-Type': 'application/json'} 
 body=b'{"email": "papito@yahoo.com"}' 
 </msg>
<msg timestamp="20210908 13:39:19.647" level="INFO">POST Response : url=http://marvel.qaninja.academy/accounts 
 status=200, reason=OK 
 headers={'Server': 'Cowboy', 'Connection': 'keep-alive', 'X-Powered-By': 'Express', 'Access-Control-Allow-Origin': '*', 'Content-Type': 'application/json; charset=utf-8', 'Content-Length': '41', 'Etag': 'W/"29-WIm+qvPTjcCVbrSQ1N5LTqheAEw"', 'Date': 'Wed, 08 Sep 2021 16:39:04 GMT', 'Via': '1.1 vegur'} 
 body={"client_key":"61301752874ab200165f1301"} 
 </msg>
<msg timestamp="20210908 13:39:19.648" level="INFO">${RESPONSE} = &lt;Response [200]&gt;</msg>
<status status="PASS" starttime="20210908 13:39:19.340" endtime="20210908 13:39:19.648"/>
</kw>
<kw name="Set Variable" library="BuiltIn">
<var>${CLIENT_KEY}</var>
<arg>${RESPONSE.json()}[client_key]</arg>
<doc>Returns the given values which can then be assigned to a variables.</doc>
<msg timestamp="20210908 13:39:19.649" level="INFO">${CLIENT_KEY} = 61301752874ab200165f1301</msg>
<status status="PASS" starttime="20210908 13:39:19.648" endtime="20210908 13:39:19.649"/>
</kw>
<kw name="Create Dictionary" library="BuiltIn">
<var>${HEADER}</var>
<arg>client_key=${CLIENT_KEY}</arg>
<doc>Creates and returns a dictionary based on the given ``items``.</doc>
<msg timestamp="20210908 13:39:19.650" level="INFO">${HEADER} = {'client_key': '61301752874ab200165f1301'}</msg>
<status status="PASS" starttime="20210908 13:39:19.649" endtime="20210908 13:39:19.650"/>
</kw>
<kw name="Set Suite Variable" library="BuiltIn">
<arg>${HEADER}</arg>
<doc>Makes a variable available everywhere within the scope of the current suite.</doc>
<msg timestamp="20210908 13:39:19.650" level="INFO">${HEADER} = {'client_key': '61301752874ab200165f1301'}</msg>
<status status="PASS" starttime="20210908 13:39:19.650" endtime="20210908 13:39:19.650"/>
</kw>
<status status="PASS" starttime="20210908 13:39:19.339" endtime="20210908 13:39:19.651"/>
</kw>
<kw name="Limpar base" library="base">
<kw name="DELETE" library="RequestsLibrary">
<arg>${URL}/delorean</arg>
<arg>headers=${HEADER}</arg>
<doc>Sends a DELETE request.</doc>
<msg timestamp="20210908 13:39:19.997" level="INFO">DELETE Request : url=http://marvel.qaninja.academy/delorean 
 path_url=/delorean 
 headers={'User-Agent': 'python-requests/2.26.0', 'Accept-Encoding': 'gzip, deflate', 'Accept': '*/*', 'Connection': 'keep-alive', 'client_key': '61301752874ab200165f1301', 'Content-Length': '0'} 
 body=None 
 </msg>
<msg timestamp="20210908 13:39:19.998" level="INFO">DELETE Response : url=http://marvel.qaninja.academy/delorean 
 status=200, reason=OK 
 headers={'Server': 'Cowboy', 'Connection': 'keep-alive', 'X-Powered-By': 'Express', 'Access-Control-Allow-Origin': '*', 'Content-Type': 'application/json; charset=utf-8', 'Content-Length': '31', 'Etag': 'W/"1f-ImqlboUfbv1n1FbEV48J/4RvhGg"', 'Date': 'Wed, 08 Sep 2021 16:39:04 GMT', 'Via': '1.1 vegur'} 
 body={"message":"Avengers Assemble"} 
 </msg>
<status status="PASS" starttime="20210908 13:39:19.651" endtime="20210908 13:39:19.998"/>
</kw>
<status status="PASS" starttime="20210908 13:39:19.651" endtime="20210908 13:39:19.998"/>
</kw>
<status status="PASS" starttime="20210908 13:39:19.339" endtime="20210908 13:39:19.998"/>
</kw>
<test id="s1-s2-t1" name="Deve deletar personagem pelo Id">
<kw name="Deadpool" library="character">
<var>&amp;{PERSONAGEM}</var>
<msg timestamp="20210908 13:39:20.000" level="INFO">&amp;{PERSONAGEM} = { name=Wade Winston | aliases=Deadpool | age=100 | team=X-Force | active=True }</msg>
<status status="PASS" starttime="20210908 13:39:19.999" endtime="20210908 13:39:20.000"/>
</kw>
<kw name="Post New Character" library="characters">
<var>${DEADPOOL}</var>
<arg>${PERSONAGEM}</arg>
<kw name="POST" library="RequestsLibrary">
<var>${RESPONSE}</var>
<arg>url=${URL}/characters</arg>
<arg>json=${PAYLOAD}</arg>
<arg>headers=${HEADER}</arg>
<arg>expected_status=any</arg>
<doc>Sends a POST request.</doc>
<msg timestamp="20210908 13:39:20.380" level="INFO">POST Request : url=http://marvel.qaninja.academy/characters 
 path_url=/characters 
 headers={'User-Agent': 'python-requests/2.26.0', 'Accept-Encoding': 'gzip, deflate', 'Accept': '*/*', 'Connection': 'keep-alive', 'client_key': '61301752874ab200165f1301', 'Content-Length': '94', 'Content-Type': 'application/json'} 
 body=b'{"name": "Wade Winston", "aliases": "Deadpool", "age": 100, "team": "X-Force", "active": true}' 
 </msg>
<msg timestamp="20210908 13:39:20.381" level="INFO">POST Response : url=http://marvel.qaninja.academy/characters 
 status=200, reason=OK 
 headers={'Server': 'Cowboy', 'Connection': 'keep-alive', 'X-Powered-By': 'Express', 'Access-Control-Allow-Origin': '*', 'Content-Type': 'application/json; charset=utf-8', 'Content-Length': '153', 'Etag': 'W/"99-H3bTdYLOI+r72ZcyQLLGxaXgUZg"', 'Date': 'Wed, 08 Sep 2021 16:39:05 GMT', 'Via': '1.1 vegur'} 
 body={"_id":"6138e729de6b6400165ea0f5","name":"Wade Winston","age":100,"aliases":"Deadpool","team":"X-Force","active":true,"owner":"61301752874ab200165f1301"} 
 </msg>
<msg timestamp="20210908 13:39:20.381" level="INFO">${RESPONSE} = &lt;Response [200]&gt;</msg>
<status status="PASS" starttime="20210908 13:39:20.001" endtime="20210908 13:39:20.381"/>
</kw>
<msg timestamp="20210908 13:39:20.382" level="INFO">${DEADPOOL} = &lt;Response [200]&gt;</msg>
<status status="PASS" starttime="20210908 13:39:20.000" endtime="20210908 13:39:20.382"/>
</kw>
<kw name="Set Variable" library="BuiltIn">
<var>${PERSONAGEM_ID}</var>
<arg>${DEADPOOL.json()}[_id]</arg>
<doc>Returns the given values which can then be assigned to a variables.</doc>
<msg timestamp="20210908 13:39:20.385" level="INFO">${PERSONAGEM_ID} = 6138e729de6b6400165ea0f5</msg>
<status status="PASS" starttime="20210908 13:39:20.383" endtime="20210908 13:39:20.385"/>
</kw>
<kw name="Delete Character By Id" library="characters">
<var>${DELETE_DEADPOOL}</var>
<arg>${PERSONAGEM_ID}</arg>
<kw name="DELETE" library="RequestsLibrary">
<var>${RESPONSE}</var>
<arg>url=${URL}/characters/${ID}</arg>
<arg>headers=${HEADER}</arg>
<arg>expected_status=any</arg>
<doc>Sends a DELETE request.</doc>
<msg timestamp="20210908 13:39:20.799" level="INFO">DELETE Request : url=http://marvel.qaninja.academy/characters/6138e729de6b6400165ea0f5 
 path_url=/characters/6138e729de6b6400165ea0f5 
 headers={'User-Agent': 'python-requests/2.26.0', 'Accept-Encoding': 'gzip, deflate', 'Accept': '*/*', 'Connection': 'keep-alive', 'client_key': '61301752874ab200165f1301', 'Content-Length': '0'} 
 body=None 
 </msg>
<msg timestamp="20210908 13:39:20.799" level="INFO">DELETE Response : url=http://marvel.qaninja.academy/characters/6138e729de6b6400165ea0f5 
 status=204, reason=No Content 
 headers={'Server': 'Cowboy', 'Content-Length': '0', 'Connection': 'keep-alive', 'X-Powered-By': 'Express', 'Access-Control-Allow-Origin': '*', 'Date': 'Wed, 08 Sep 2021 16:39:05 GMT', 'Via': '1.1 vegur'} 
 body=None 
 </msg>
<msg timestamp="20210908 13:39:20.799" level="INFO">${RESPONSE} = &lt;Response [204]&gt;</msg>
<status status="PASS" starttime="20210908 13:39:20.387" endtime="20210908 13:39:20.799"/>
</kw>
<msg timestamp="20210908 13:39:20.800" level="INFO">${DELETE_DEADPOOL} = &lt;Response [204]&gt;</msg>
<status status="PASS" starttime="20210908 13:39:20.386" endtime="20210908 13:39:20.800"/>
</kw>
<kw name="Status Should Be" library="RequestsLibrary">
<arg>204</arg>
<arg>${DELETE_DEADPOOL}</arg>
<doc>Fails if response status code is different than the expected.</doc>
<status status="PASS" starttime="20210908 13:39:20.801" endtime="20210908 13:39:20.802"/>
</kw>
<kw name="Get Character By Id" library="characters">
<var>${RESPONSE}</var>
<arg>${PERSONAGEM_ID}</arg>
<kw name="GET" library="RequestsLibrary">
<var>${RESPONSE}</var>
<arg>url=${URL}/characters/${ID}</arg>
<arg>headers=${HEADER}</arg>
<arg>expected_status=any</arg>
<doc>Sends a GET request.</doc>
<msg timestamp="20210908 13:39:21.135" level="INFO">GET Request : url=http://marvel.qaninja.academy/characters/6138e729de6b6400165ea0f5 
 path_url=/characters/6138e729de6b6400165ea0f5 
 headers={'User-Agent': 'python-requests/2.26.0', 'Accept-Encoding': 'gzip, deflate', 'Accept': '*/*', 'Connection': 'keep-alive', 'client_key': '61301752874ab200165f1301'} 
 body=None 
 </msg>
<msg timestamp="20210908 13:39:21.136" level="INFO">GET Response : url=http://marvel.qaninja.academy/characters/6138e729de6b6400165ea0f5 
 status=404, reason=Not Found 
 headers={'Server': 'Cowboy', 'Connection': 'keep-alive', 'X-Powered-By': 'Express', 'Access-Control-Allow-Origin': '*', 'Date': 'Wed, 08 Sep 2021 16:39:06 GMT', 'Content-Length': '0', 'Via': '1.1 vegur'} 
 body=None 
 </msg>
<msg timestamp="20210908 13:39:21.136" level="INFO">${RESPONSE} = &lt;Response [404]&gt;</msg>
<status status="PASS" starttime="20210908 13:39:20.804" endtime="20210908 13:39:21.136"/>
</kw>
<msg timestamp="20210908 13:39:21.136" level="INFO">${RESPONSE} = &lt;Response [404]&gt;</msg>
<status status="PASS" starttime="20210908 13:39:20.803" endtime="20210908 13:39:21.136"/>
</kw>
<kw name="Status Should Be" library="RequestsLibrary">
<arg>404</arg>
<arg>${RESPONSE}</arg>
<doc>Fails if response status code is different than the expected.</doc>
<status status="PASS" starttime="20210908 13:39:21.137" endtime="20210908 13:39:21.138"/>
</kw>
<status status="PASS" starttime="20210908 13:39:19.999" endtime="20210908 13:39:21.139"/>
</test>
<test id="s1-s2-t2" name="Não deve deletar personagem pelo Id">
<kw name="Set Variable" library="BuiltIn">
<var>${PERSONAGEM_ID}</var>
<arg>6138e5e2de6b6400165ea0c2</arg>
<doc>Returns the given values which can then be assigned to a variables.</doc>
<msg timestamp="20210908 13:39:21.143" level="INFO">${PERSONAGEM_ID} = 6138e5e2de6b6400165ea0c2</msg>
<status status="PASS" starttime="20210908 13:39:21.143" endtime="20210908 13:39:21.143"/>
</kw>
<kw name="Delete Character By Id" library="characters">
<var>${DELETE_CHARACTER}</var>
<arg>${PERSONAGEM_ID}</arg>
<kw name="DELETE" library="RequestsLibrary">
<var>${RESPONSE}</var>
<arg>url=${URL}/characters/${ID}</arg>
<arg>headers=${HEADER}</arg>
<arg>expected_status=any</arg>
<doc>Sends a DELETE request.</doc>
<msg timestamp="20210908 13:39:21.495" level="INFO">DELETE Request : url=http://marvel.qaninja.academy/characters/6138e5e2de6b6400165ea0c2 
 path_url=/characters/6138e5e2de6b6400165ea0c2 
 headers={'User-Agent': 'python-requests/2.26.0', 'Accept-Encoding': 'gzip, deflate', 'Accept': '*/*', 'Connection': 'keep-alive', 'client_key': '61301752874ab200165f1301', 'Content-Length': '0'} 
 body=None 
 </msg>
<msg timestamp="20210908 13:39:21.496" level="INFO">DELETE Response : url=http://marvel.qaninja.academy/characters/6138e5e2de6b6400165ea0c2 
 status=404, reason=Not Found 
 headers={'Server': 'Cowboy', 'Connection': 'keep-alive', 'X-Powered-By': 'Express', 'Access-Control-Allow-Origin': '*', 'Date': 'Wed, 08 Sep 2021 16:39:06 GMT', 'Content-Length': '0', 'Via': '1.1 vegur'} 
 body=None 
 </msg>
<msg timestamp="20210908 13:39:21.497" level="INFO">${RESPONSE} = &lt;Response [404]&gt;</msg>
<status status="PASS" starttime="20210908 13:39:21.145" endtime="20210908 13:39:21.497"/>
</kw>
<msg timestamp="20210908 13:39:21.498" level="INFO">${DELETE_CHARACTER} = &lt;Response [404]&gt;</msg>
<status status="PASS" starttime="20210908 13:39:21.144" endtime="20210908 13:39:21.498"/>
</kw>
<kw name="Status Should Be" library="RequestsLibrary">
<arg>404</arg>
<arg>${DELETE_CHARACTER}</arg>
<doc>Fails if response status code is different than the expected.</doc>
<status status="PASS" starttime="20210908 13:39:21.499" endtime="20210908 13:39:21.501"/>
</kw>
<status status="PASS" starttime="20210908 13:39:21.141" endtime="20210908 13:39:21.502"/>
</test>
<doc>Automação da exclusão de personagens no banco de dados por meio da API Marvel QA Ninja</doc>
<status status="PASS" starttime="20210908 13:39:19.328" endtime="20210908 13:39:21.506"/>
</suite>
<suite id="s1-s3" name="SearchCharacters" source="C:\Users\acorteal\Documents\QANinja\SemanaAutomacaoMarvel\specs\SearchCharacters.robot">
<kw name="Run Keywords" library="BuiltIn" type="SETUP">
<arg>Logar no sistema</arg>
<arg>papito@yahoo.com</arg>
<arg>AND</arg>
<arg>Limpar base</arg>
<doc>Executes all the given keywords in a sequence.</doc>
<kw name="Logar no sistema" library="base">
<arg>papito@yahoo.com</arg>
<kw name="Create Dictionary" library="BuiltIn">
<var>&amp;{USER}</var>
<arg>email=${EMAIL}</arg>
<doc>Creates and returns a dictionary based on the given ``items``.</doc>
<msg timestamp="20210908 13:39:21.529" level="INFO">&amp;{USER} = { email=papito@yahoo.com }</msg>
<status status="PASS" starttime="20210908 13:39:21.528" endtime="20210908 13:39:21.529"/>
</kw>
<kw name="POST" library="RequestsLibrary">
<var>${RESPONSE}</var>
<arg>url=${URL}/accounts</arg>
<arg>json=${USER}</arg>
<doc>Sends a POST request.</doc>
<msg timestamp="20210908 13:39:21.886" level="INFO">POST Request : url=http://marvel.qaninja.academy/accounts 
 path_url=/accounts 
 headers={'User-Agent': 'python-requests/2.26.0', 'Accept-Encoding': 'gzip, deflate', 'Accept': '*/*', 'Connection': 'keep-alive', 'Content-Length': '29', 'Content-Type': 'application/json'} 
 body=b'{"email": "papito@yahoo.com"}' 
 </msg>
<msg timestamp="20210908 13:39:21.886" level="INFO">POST Response : url=http://marvel.qaninja.academy/accounts 
 status=200, reason=OK 
 headers={'Server': 'Cowboy', 'Connection': 'keep-alive', 'X-Powered-By': 'Express', 'Access-Control-Allow-Origin': '*', 'Content-Type': 'application/json; charset=utf-8', 'Content-Length': '41', 'Etag': 'W/"29-WIm+qvPTjcCVbrSQ1N5LTqheAEw"', 'Date': 'Wed, 08 Sep 2021 16:39:06 GMT', 'Via': '1.1 vegur'} 
 body={"client_key":"61301752874ab200165f1301"} 
 </msg>
<msg timestamp="20210908 13:39:21.886" level="INFO">${RESPONSE} = &lt;Response [200]&gt;</msg>
<status status="PASS" starttime="20210908 13:39:21.529" endtime="20210908 13:39:21.886"/>
</kw>
<kw name="Set Variable" library="BuiltIn">
<var>${CLIENT_KEY}</var>
<arg>${RESPONSE.json()}[client_key]</arg>
<doc>Returns the given values which can then be assigned to a variables.</doc>
<msg timestamp="20210908 13:39:21.887" level="INFO">${CLIENT_KEY} = 61301752874ab200165f1301</msg>
<status status="PASS" starttime="20210908 13:39:21.886" endtime="20210908 13:39:21.888"/>
</kw>
<kw name="Create Dictionary" library="BuiltIn">
<var>${HEADER}</var>
<arg>client_key=${CLIENT_KEY}</arg>
<doc>Creates and returns a dictionary based on the given ``items``.</doc>
<msg timestamp="20210908 13:39:21.888" level="INFO">${HEADER} = {'client_key': '61301752874ab200165f1301'}</msg>
<status status="PASS" starttime="20210908 13:39:21.888" endtime="20210908 13:39:21.888"/>
</kw>
<kw name="Set Suite Variable" library="BuiltIn">
<arg>${HEADER}</arg>
<doc>Makes a variable available everywhere within the scope of the current suite.</doc>
<msg timestamp="20210908 13:39:21.889" level="INFO">${HEADER} = {'client_key': '61301752874ab200165f1301'}</msg>
<status status="PASS" starttime="20210908 13:39:21.888" endtime="20210908 13:39:21.889"/>
</kw>
<status status="PASS" starttime="20210908 13:39:21.528" endtime="20210908 13:39:21.889"/>
</kw>
<kw name="Limpar base" library="base">
<kw name="DELETE" library="RequestsLibrary">
<arg>${URL}/delorean</arg>
<arg>headers=${HEADER}</arg>
<doc>Sends a DELETE request.</doc>
<msg timestamp="20210908 13:39:22.190" level="INFO">DELETE Request : url=http://marvel.qaninja.academy/delorean 
 path_url=/delorean 
 headers={'User-Agent': 'python-requests/2.26.0', 'Accept-Encoding': 'gzip, deflate', 'Accept': '*/*', 'Connection': 'keep-alive', 'client_key': '61301752874ab200165f1301', 'Content-Length': '0'} 
 body=None 
 </msg>
<msg timestamp="20210908 13:39:22.190" level="INFO">DELETE Response : url=http://marvel.qaninja.academy/delorean 
 status=200, reason=OK 
 headers={'Server': 'Cowboy', 'Connection': 'keep-alive', 'X-Powered-By': 'Express', 'Access-Control-Allow-Origin': '*', 'Content-Type': 'application/json; charset=utf-8', 'Content-Length': '31', 'Etag': 'W/"1f-ImqlboUfbv1n1FbEV48J/4RvhGg"', 'Date': 'Wed, 08 Sep 2021 16:39:07 GMT', 'Via': '1.1 vegur'} 
 body={"message":"Avengers Assemble"} 
 </msg>
<status status="PASS" starttime="20210908 13:39:21.890" endtime="20210908 13:39:22.191"/>
</kw>
<status status="PASS" starttime="20210908 13:39:21.889" endtime="20210908 13:39:22.191"/>
</kw>
<status status="PASS" starttime="20210908 13:39:21.527" endtime="20210908 13:39:22.191"/>
</kw>
<test id="s1-s3-t1" name="Deve buscar um personagem pelo Id">
<kw name="Black Widow" library="character">
<var>${PERSONAGEM}</var>
<msg timestamp="20210908 13:39:22.192" level="INFO">${PERSONAGEM} = {'name': 'Natasha Romanova', 'aliases': 'Back Widow', 'age': 35, 'team': 'Avengers', 'active': True}</msg>
<status status="PASS" starttime="20210908 13:39:22.192" endtime="20210908 13:39:22.192"/>
</kw>
<kw name="Post New Character" library="characters">
<var>${BLACK_WIDOW}</var>
<arg>${PERSONAGEM}</arg>
<kw name="POST" library="RequestsLibrary">
<var>${RESPONSE}</var>
<arg>url=${URL}/characters</arg>
<arg>json=${PAYLOAD}</arg>
<arg>headers=${HEADER}</arg>
<arg>expected_status=any</arg>
<doc>Sends a POST request.</doc>
<msg timestamp="20210908 13:39:22.525" level="INFO">POST Request : url=http://marvel.qaninja.academy/characters 
 path_url=/characters 
 headers={'User-Agent': 'python-requests/2.26.0', 'Accept-Encoding': 'gzip, deflate', 'Accept': '*/*', 'Connection': 'keep-alive', 'client_key': '61301752874ab200165f1301', 'Content-Length': '100', 'Content-Type': 'application/json'} 
 body=b'{"name": "Natasha Romanova", "aliases": "Back Widow", "age": 35, "team": "Avengers", "active": true}' 
 </msg>
<msg timestamp="20210908 13:39:22.525" level="INFO">POST Response : url=http://marvel.qaninja.academy/characters 
 status=200, reason=OK 
 headers={'Server': 'Cowboy', 'Connection': 'keep-alive', 'X-Powered-By': 'Express', 'Access-Control-Allow-Origin': '*', 'Content-Type': 'application/json; charset=utf-8', 'Content-Length': '159', 'Etag': 'W/"9f-XhsEncwkWKzc1aUf24JsQwxzT8s"', 'Date': 'Wed, 08 Sep 2021 16:39:07 GMT', 'Via': '1.1 vegur'} 
 body={"_id":"6138e72bde6b6400165ea103","name":"Natasha Romanova","age":35,"aliases":"Back Widow","team":"Avengers","active":true,"owner":"61301752874ab200165f1301"} 
 </msg>
<msg timestamp="20210908 13:39:22.526" level="INFO">${RESPONSE} = &lt;Response [200]&gt;</msg>
<status status="PASS" starttime="20210908 13:39:22.193" endtime="20210908 13:39:22.526"/>
</kw>
<msg timestamp="20210908 13:39:22.527" level="INFO">${BLACK_WIDOW} = &lt;Response [200]&gt;</msg>
<status status="PASS" starttime="20210908 13:39:22.192" endtime="20210908 13:39:22.527"/>
</kw>
<kw name="Set Variable" library="BuiltIn">
<var>${PERSONAGEM_ID}</var>
<arg>${BLACK_WIDOW.json()}[_id]</arg>
<doc>Returns the given values which can then be assigned to a variables.</doc>
<msg timestamp="20210908 13:39:22.532" level="INFO">${PERSONAGEM_ID} = 6138e72bde6b6400165ea103</msg>
<status status="PASS" starttime="20210908 13:39:22.529" endtime="20210908 13:39:22.532"/>
</kw>
<kw name="Get Character By Id" library="characters">
<var>${RESPONSE}</var>
<arg>${PERSONAGEM_ID}</arg>
<kw name="GET" library="RequestsLibrary">
<var>${RESPONSE}</var>
<arg>url=${URL}/characters/${ID}</arg>
<arg>headers=${HEADER}</arg>
<arg>expected_status=any</arg>
<doc>Sends a GET request.</doc>
<msg timestamp="20210908 13:39:22.849" level="INFO">GET Request : url=http://marvel.qaninja.academy/characters/6138e72bde6b6400165ea103 
 path_url=/characters/6138e72bde6b6400165ea103 
 headers={'User-Agent': 'python-requests/2.26.0', 'Accept-Encoding': 'gzip, deflate', 'Accept': '*/*', 'Connection': 'keep-alive', 'client_key': '61301752874ab200165f1301'} 
 body=None 
 </msg>
<msg timestamp="20210908 13:39:22.849" level="INFO">GET Response : url=http://marvel.qaninja.academy/characters/6138e72bde6b6400165ea103 
 status=200, reason=OK 
 headers={'Server': 'Cowboy', 'Connection': 'keep-alive', 'X-Powered-By': 'Express', 'Access-Control-Allow-Origin': '*', 'Content-Type': 'application/json; charset=utf-8', 'Content-Length': '159', 'Etag': 'W/"9f-XhsEncwkWKzc1aUf24JsQwxzT8s"', 'Date': 'Wed, 08 Sep 2021 16:39:07 GMT', 'Via': '1.1 vegur'} 
 body={"_id":"6138e72bde6b6400165ea103","name":"Natasha Romanova","age":35,"aliases":"Back Widow","team":"Avengers","active":true,"owner":"61301752874ab200165f1301"} 
 </msg>
<msg timestamp="20210908 13:39:22.849" level="INFO">${RESPONSE} = &lt;Response [200]&gt;</msg>
<status status="PASS" starttime="20210908 13:39:22.536" endtime="20210908 13:39:22.849"/>
</kw>
<msg timestamp="20210908 13:39:22.849" level="INFO">${RESPONSE} = &lt;Response [200]&gt;</msg>
<status status="PASS" starttime="20210908 13:39:22.534" endtime="20210908 13:39:22.849"/>
</kw>
<kw name="Status Should Be" library="RequestsLibrary">
<arg>200</arg>
<arg>${RESPONSE}</arg>
<doc>Fails if response status code is different than the expected.</doc>
<status status="PASS" starttime="20210908 13:39:22.849" endtime="20210908 13:39:22.849"/>
</kw>
<kw name="Should Be Equal" library="BuiltIn">
<arg>${BLACK_WIDOW.json()}[name]</arg>
<arg>${PERSONAGEM}[name]</arg>
<doc>Fails if the given objects are unequal.</doc>
<status status="PASS" starttime="20210908 13:39:22.850" endtime="20210908 13:39:22.850"/>
</kw>
<kw name="Should Be Equal" library="BuiltIn">
<arg>${BLACK_WIDOW.json()}[aliases]</arg>
<arg>${PERSONAGEM}[aliases]</arg>
<doc>Fails if the given objects are unequal.</doc>
<status status="PASS" starttime="20210908 13:39:22.851" endtime="20210908 13:39:22.851"/>
</kw>
<kw name="Should Be Equal" library="BuiltIn">
<arg>${BLACK_WIDOW.json()}[age]</arg>
<arg>${PERSONAGEM}[age]</arg>
<doc>Fails if the given objects are unequal.</doc>
<status status="PASS" starttime="20210908 13:39:22.852" endtime="20210908 13:39:22.853"/>
</kw>
<kw name="Should Be Equal" library="BuiltIn">
<arg>${BLACK_WIDOW.json()}[team]</arg>
<arg>${PERSONAGEM}[team]</arg>
<doc>Fails if the given objects are unequal.</doc>
<status status="PASS" starttime="20210908 13:39:22.854" endtime="20210908 13:39:22.855"/>
</kw>
<kw name="Should Be Equal" library="BuiltIn">
<arg>${BLACK_WIDOW.json()}[active]</arg>
<arg>${PERSONAGEM}[active]</arg>
<doc>Fails if the given objects are unequal.</doc>
<status status="PASS" starttime="20210908 13:39:22.856" endtime="20210908 13:39:22.857"/>
</kw>
<status status="PASS" starttime="20210908 13:39:22.191" endtime="20210908 13:39:22.857"/>
</test>
<test id="s1-s3-t2" name="Não deve retornar o personagem pelo Id">
<kw name="Set Variable" library="BuiltIn">
<var>${PERSONAGEM_ID}</var>
<arg>6138e5e2de6b6400165ea0c2</arg>
<doc>Returns the given values which can then be assigned to a variables.</doc>
<msg timestamp="20210908 13:39:22.859" level="INFO">${PERSONAGEM_ID} = 6138e5e2de6b6400165ea0c2</msg>
<status status="PASS" starttime="20210908 13:39:22.859" endtime="20210908 13:39:22.859"/>
</kw>
<kw name="Get Character By Id" library="characters">
<var>${RESPONSE}</var>
<arg>${PERSONAGEM_ID}</arg>
<kw name="GET" library="RequestsLibrary">
<var>${RESPONSE}</var>
<arg>url=${URL}/characters/${ID}</arg>
<arg>headers=${HEADER}</arg>
<arg>expected_status=any</arg>
<doc>Sends a GET request.</doc>
<msg timestamp="20210908 13:39:23.216" level="INFO">GET Request : url=http://marvel.qaninja.academy/characters/6138e5e2de6b6400165ea0c2 
 path_url=/characters/6138e5e2de6b6400165ea0c2 
 headers={'User-Agent': 'python-requests/2.26.0', 'Accept-Encoding': 'gzip, deflate', 'Accept': '*/*', 'Connection': 'keep-alive', 'client_key': '61301752874ab200165f1301'} 
 body=None 
 </msg>
<msg timestamp="20210908 13:39:23.218" level="INFO">GET Response : url=http://marvel.qaninja.academy/characters/6138e5e2de6b6400165ea0c2 
 status=404, reason=Not Found 
 headers={'Server': 'Cowboy', 'Connection': 'keep-alive', 'X-Powered-By': 'Express', 'Access-Control-Allow-Origin': '*', 'Date': 'Wed, 08 Sep 2021 16:39:08 GMT', 'Content-Length': '0', 'Via': '1.1 vegur'} 
 body=None 
 </msg>
<msg timestamp="20210908 13:39:23.218" level="INFO">${RESPONSE} = &lt;Response [404]&gt;</msg>
<status status="PASS" starttime="20210908 13:39:22.861" endtime="20210908 13:39:23.218"/>
</kw>
<msg timestamp="20210908 13:39:23.218" level="INFO">${RESPONSE} = &lt;Response [404]&gt;</msg>
<status status="PASS" starttime="20210908 13:39:22.861" endtime="20210908 13:39:23.218"/>
</kw>
<kw name="Status Should Be" library="RequestsLibrary">
<arg>404</arg>
<arg>${RESPONSE}</arg>
<doc>Fails if response status code is different than the expected.</doc>
<status status="PASS" starttime="20210908 13:39:23.219" endtime="20210908 13:39:23.219"/>
</kw>
<status status="PASS" starttime="20210908 13:39:22.859" endtime="20210908 13:39:23.220"/>
</test>
<doc>Automação da busca de personagens no banco de dados por meio da API Marvel QA Ninja</doc>
<status status="PASS" starttime="20210908 13:39:21.512" endtime="20210908 13:39:23.222"/>
</suite>
<status status="PASS" starttime="20210908 13:39:17.048" endtime="20210908 13:39:23.225"/>
</suite>
<statistics>
<total>
<stat pass="6" fail="0" skip="0">All Tests</stat>
</total>
<tag>
</tag>
<suite>
<stat pass="6" fail="0" skip="0" id="s1" name="Specs">Specs</stat>
<stat pass="2" fail="0" skip="0" id="s1-s1" name="CreateCharacters">Specs.CreateCharacters</stat>
<stat pass="2" fail="0" skip="0" id="s1-s2" name="DeleteCharacters">Specs.DeleteCharacters</stat>
<stat pass="2" fail="0" skip="0" id="s1-s3" name="SearchCharacters">Specs.SearchCharacters</stat>
</suite>
</statistics>
<errors>
</errors>
</robot>
