<?xml version="1.0" encoding="UTF-8"?>
<robot generator="Robot 4.1 (Python 3.9.6 on win32)" generated="20210819 14:42:49.006" rpa="false" schemaversion="2">
<suite id="s1" name="Robot Scratchpad" source="c:\Users\acorteal\.vscode\extensions\robocorp.robotframework-lsp-0.21.0\src\robotframework_ls\vendored\robotframework_interactive\robot_scratchpad.robot">
<test id="s1-t1" name="Default Task/Test">
<kw name="Interpreter Main Loop" library="MainLoop">
<status status="PASS" starttime="20210819 14:42:49.040" endtime="20210819 14:43:01.782"/>
</kw>
<status status="PASS" starttime="20210819 14:42:49.040" endtime="20210819 14:43:01.782"/>
</test>
<status status="PASS" starttime="20210819 14:42:49.011" endtime="20210819 14:43:01.783"/>
</suite>
<statistics>
<total>
<stat pass="1" fail="0" skip="0">All Tests</stat>
</total>
<tag>
</tag>
<suite>
<stat pass="1" fail="0" skip="0" id="s1" name="Robot Scratchpad">Robot Scratchpad</stat>
</suite>
</statistics>
<errors>
</errors>
</robot>
